<?xml version="1.0" encoding="UTF-8"?>
<!-- Generated by org.testng.reporters.JUnitReportReporter -->
<testsuite hostname="localhosts" failures="0" tests="1" name="Campaign.CreateCampaignTest" time="31.872" errors="0" timestamp="2024-07-12T22:44:16 IST" skipped="0">
  <testcase classname="Campaign.CreateCampaignTest" name="CreateCampaignTest" time="31.872"/>
  <system-out/>
</testsuite> <!-- Campaign.CreateCampaignTest -->
